/home/heisenberg_31/ros2_ws/install/lab7/lib/python3.10/site-packages/lab7/__init__.py
/home/heisenberg_31/ros2_ws/install/lab7/lib/python3.10/site-packages/lab7/__pycache__/__init__.cpython-310.pyc
/home/heisenberg_31/ros2_ws/install/lab7/share/ament_index/resource_index/packages/lab7
/home/heisenberg_31/ros2_ws/install/lab7/share/lab7/package.xml
/home/heisenberg_31/ros2_ws/install/lab7/share/lab7/launch/arm_rviz.launch.py
/home/heisenberg_31/ros2_ws/install/lab7/share/lab7/launch/arm_gazebo.launch.py
/home/heisenberg_31/ros2_ws/install/lab7/share/lab7/urdf/robot_arm.urdf
/home/heisenberg_31/ros2_ws/install/lab7/share/lab7/meshes/base_link.STL
/home/heisenberg_31/ros2_ws/install/lab7/share/lab7/meshes/link_4.STL
/home/heisenberg_31/ros2_ws/install/lab7/share/lab7/meshes/link_2.STL
/home/heisenberg_31/ros2_ws/install/lab7/share/lab7/meshes/link_1.STL
/home/heisenberg_31/ros2_ws/install/lab7/share/lab7/meshes/link_6.STL
/home/heisenberg_31/ros2_ws/install/lab7/share/lab7/meshes/link_5.STL
/home/heisenberg_31/ros2_ws/install/lab7/share/lab7/meshes/link_7.STL
/home/heisenberg_31/ros2_ws/install/lab7/share/lab7/meshes/link_3.STL
/home/heisenberg_31/ros2_ws/install/lab7/share/lab7/textures
/home/heisenberg_31/ros2_ws/install/lab7/share/lab7/config/arm.yaml
/home/heisenberg_31/ros2_ws/install/lab7/lib/python3.10/site-packages/lab7-0.0.0-py3.10.egg-info/entry_points.txt
/home/heisenberg_31/ros2_ws/install/lab7/lib/python3.10/site-packages/lab7-0.0.0-py3.10.egg-info/dependency_links.txt
/home/heisenberg_31/ros2_ws/install/lab7/lib/python3.10/site-packages/lab7-0.0.0-py3.10.egg-info/top_level.txt
/home/heisenberg_31/ros2_ws/install/lab7/lib/python3.10/site-packages/lab7-0.0.0-py3.10.egg-info/PKG-INFO
/home/heisenberg_31/ros2_ws/install/lab7/lib/python3.10/site-packages/lab7-0.0.0-py3.10.egg-info/requires.txt
/home/heisenberg_31/ros2_ws/install/lab7/lib/python3.10/site-packages/lab7-0.0.0-py3.10.egg-info/zip-safe
/home/heisenberg_31/ros2_ws/install/lab7/lib/python3.10/site-packages/lab7-0.0.0-py3.10.egg-info/SOURCES.txt
/home/heisenberg_31/ros2_ws/install/lab7/lib/lab7/control
